app/build/outputs/logs/manifest-merger-debug-report.txt
-- Merging decision tree log ---
manifest
ADDED from src\main\AndroidManifest.xml:2:1-60:12
	package
		ADDED from src\main\AndroidManifest.xml:3:7-37
		INJECTED from src\main\AndroidManifest.xml
		INJECTED from src\main\AndroidManifest.xml
	android:versionName
		ADDED from src\main\AndroidManifest.xml:5:7-40
		INJECTED from src\main\AndroidManifest.xml
		INJECTED from src\main\AndroidManifest.xml
	android:versionCode
		ADDED from src\main\AndroidManifest.xml:4:7-31
		INJECTED from src\main\AndroidManifest.xml
		INJECTED from src\main\AndroidManifest.xml
	xmlns:android
		ADDED from src\main\AndroidManifest.xml:2:11-69
uses-sdk
ADDED from src\main\AndroidManifest.xml:7:5-43
	android:targetSdkVersion
		INJECTED from src\main\AndroidManifest.xml
		INJECTED from src\main\AndroidManifest.xml
	android:minSdkVersion
		ADDED from src\main\AndroidManifest.xml:7:15-40
		INJECTED from src\main\AndroidManifest.xml
		INJECTED from src\main\AndroidManifest.xml
uses-permission#android.permission.CAMERA
ADDED from src\main\AndroidManifest.xml:9:5-65
	android:name
		ADDED from src\main\AndroidManifest.xml:9:22-62
uses-permission#android.permission.ACCESS_FINE_LOCATION
ADDED from src\main\AndroidManifest.xml:10:5-79
	android:name
		ADDED from src\main\AndroidManifest.xml:10:22-76
uses-permission#android.permission.WRITE_EXTERNAL_STORAGE
ADDED from src\main\AndroidManifest.xml:11:5-80
	android:name
		ADDED from src\main\AndroidManifest.xml:11:22-78
uses-feature#android.hardware.camera
ADDED from src\main\AndroidManifest.xml:14:5-59
	android:name
		ADDED from src\main\AndroidManifest.xml:14:19-57
uses-feature#android.hardware.camera.autofocus
ADDED from src\main\AndroidManifest.xml:15:5-70
	android:name
		ADDED from src\main\AndroidManifest.xml:15:19-67
application
ADDED from src\main\AndroidManifest.xml:17:5-58:15
	android:label
		ADDED from src\main\AndroidManifest.xml:20:9-41
	android:icon
		ADDED from src\main\AndroidManifest.xml:19:9-38
	android:theme
		ADDED from src\main\AndroidManifest.xml:21:9-67
	android:name
		ADDED from src\main\AndroidManifest.xml:18:9-33
activity#min3d.sampleProject1.SplashActivity
ADDED from src\main\AndroidManifest.xml:22:9-27:20
	android:label
		ADDED from src\main\AndroidManifest.xml:22:50-82
	android:name
		ADDED from src\main\AndroidManifest.xml:22:19-49
intent-filter#android.intent.action.MAIN+android.intent.category.LAUNCHER
ADDED from src\main\AndroidManifest.xml:23:13-26:29
action#android.intent.action.MAIN
ADDED from src\main\AndroidManifest.xml:24:17-69
	android:name
		ADDED from src\main\AndroidManifest.xml:24:25-66
category#android.intent.category.LAUNCHER
ADDED from src\main\AndroidManifest.xml:25:17-77
	android:name
		ADDED from src\main\AndroidManifest.xml:25:27-74
activity#min3d.sampleProject1.ExampleRotatingPlanets
ADDED from src\main\AndroidManifest.xml:29:9-102
	android:label
		ADDED from src\main\AndroidManifest.xml:29:58-90
	android:name
		ADDED from src\main\AndroidManifest.xml:29:19-57
activity#min3d.sampleProject1.ExampleMostMinimal
ADDED from src\main\AndroidManifest.xml:30:9-98
	android:label
		ADDED from src\main\AndroidManifest.xml:30:54-86
	android:name
		ADDED from src\main\AndroidManifest.xml:30:19-53
activity#min3d.sampleProject1.ExampleVertexColors
ADDED from src\main\AndroidManifest.xml:31:9-99
	android:label
		ADDED from src\main\AndroidManifest.xml:31:55-87
	android:name
		ADDED from src\main\AndroidManifest.xml:31:19-54
activity#min3d.sampleProject1.ExampleTextures
ADDED from src\main\AndroidManifest.xml:32:9-95
	android:label
		ADDED from src\main\AndroidManifest.xml:32:51-83
	android:name
		ADDED from src\main\AndroidManifest.xml:32:19-50
activity#min3d.sampleProject1.ExampleVerticesVariations
ADDED from src\main\AndroidManifest.xml:33:9-105
	android:label
		ADDED from src\main\AndroidManifest.xml:33:61-93
	android:name
		ADDED from src\main\AndroidManifest.xml:33:19-60
activity#min3d.sampleProject1.ExampleRenderType
ADDED from src\main\AndroidManifest.xml:34:9-97
	android:label
		ADDED from src\main\AndroidManifest.xml:34:53-85
	android:name
		ADDED from src\main\AndroidManifest.xml:34:19-52
activity#min3d.sampleProject1.ExampleCamera
ADDED from src\main\AndroidManifest.xml:35:9-93
	android:label
		ADDED from src\main\AndroidManifest.xml:35:49-81
	android:name
		ADDED from src\main\AndroidManifest.xml:35:19-48
activity#min3d.sampleProject1.ExampleMultipleLights
ADDED from src\main\AndroidManifest.xml:36:9-101
	android:label
		ADDED from src\main\AndroidManifest.xml:36:57-89
	android:name
		ADDED from src\main\AndroidManifest.xml:36:19-56
activity#min3d.sampleProject1.ExampleAnimatingVertices
ADDED from src\main\AndroidManifest.xml:37:9-104
	android:label
		ADDED from src\main\AndroidManifest.xml:37:60-92
	android:name
		ADDED from src\main\AndroidManifest.xml:37:19-59
activity#min3d.sampleProject1.ExampleSubsetOfFaces
ADDED from src\main\AndroidManifest.xml:38:9-100
	android:label
		ADDED from src\main\AndroidManifest.xml:38:56-88
	android:name
		ADDED from src\main\AndroidManifest.xml:38:19-55
activity#min3d.sampleProject1.ExampleAssigningTexturesDynamically
ADDED from src\main\AndroidManifest.xml:39:9-115
	android:label
		ADDED from src\main\AndroidManifest.xml:39:71-103
	android:name
		ADDED from src\main\AndroidManifest.xml:39:19-70
activity#min3d.sampleProject1.ExampleTextureWrap
ADDED from src\main\AndroidManifest.xml:40:3-92
	android:label
		ADDED from src\main\AndroidManifest.xml:40:48-80
	android:name
		ADDED from src\main\AndroidManifest.xml:40:13-47
activity#min3d.sampleProject1.ExampleMipMap
ADDED from src\main\AndroidManifest.xml:41:9-93
	android:label
		ADDED from src\main\AndroidManifest.xml:41:49-81
	android:name
		ADDED from src\main\AndroidManifest.xml:41:19-48
activity#min3d.sampleProject1.ExampleMultiTexture
ADDED from src\main\AndroidManifest.xml:42:9-99
	android:label
		ADDED from src\main\AndroidManifest.xml:42:55-87
	android:name
		ADDED from src\main\AndroidManifest.xml:42:19-54
activity#min3d.sampleProject1.ExampleTextureOffset
ADDED from src\main\AndroidManifest.xml:43:9-100
	android:label
		ADDED from src\main\AndroidManifest.xml:43:56-88
	android:name
		ADDED from src\main\AndroidManifest.xml:43:19-55
activity#min3d.sampleProject1.ExampleFog
ADDED from src\main\AndroidManifest.xml:44:9-90
	android:label
		ADDED from src\main\AndroidManifest.xml:44:46-78
	android:name
		ADDED from src\main\AndroidManifest.xml:44:19-45
activity#min3d.sampleProject1.ExampleTransparentGlSurface
ADDED from src\main\AndroidManifest.xml:45:9-167
	android:label
		ADDED from src\main\AndroidManifest.xml:45:63-95
	android:theme
		ADDED from src\main\AndroidManifest.xml:45:96-155
	android:name
		ADDED from src\main\AndroidManifest.xml:45:19-62
activity#min3d.sampleProject1.ExampleLoadObjFile
ADDED from src\main\AndroidManifest.xml:46:6-95
	android:label
		ADDED from src\main\AndroidManifest.xml:46:51-83
	android:name
		ADDED from src\main\AndroidManifest.xml:46:16-50
activity#min3d.sampleProject1.ExampleLoadObjFileMultiple
ADDED from src\main\AndroidManifest.xml:47:3-67
	android:name
		ADDED from src\main\AndroidManifest.xml:47:13-55
activity#min3d.sampleProject1.ExampleLoad3DSFile
ADDED from src\main\AndroidManifest.xml:48:3-59
	android:name
		ADDED from src\main\AndroidManifest.xml:48:13-47
activity#min3d.sampleProject1.ExampleLoadMD2File
ADDED from src\main\AndroidManifest.xml:49:3-59
	android:name
		ADDED from src\main\AndroidManifest.xml:49:13-47
activity#min3d.sampleProject1.ExampleInsideLayout
ADDED from src\main\AndroidManifest.xml:50:9-99
	android:label
		ADDED from src\main\AndroidManifest.xml:50:55-87
	android:name
		ADDED from src\main\AndroidManifest.xml:50:19-54
activity#min3d.sampleProject1.ExampleKeyframeAnimation
ADDED from src\main\AndroidManifest.xml:51:3-65
	android:name
		ADDED from src\main\AndroidManifest.xml:51:13-53
activity#min3d.sampleProject1.ExampleAccelerometer
ADDED from src\main\AndroidManifest.xml:52:3-60
	android:name
		ADDED from src\main\AndroidManifest.xml:52:13-48
activity#min3d.sampleProject1.ScratchActivity
ADDED from src\main\AndroidManifest.xml:55:9-95
	android:label
		ADDED from src\main\AndroidManifest.xml:55:51-83
	android:name
		ADDED from src\main\AndroidManifest.xml:55:19-50
activity#min3d.sampleProject1.ExampleLightProperties
ADDED from src\main\AndroidManifest.xml:56:9-102
	android:label
		ADDED from src\main\AndroidManifest.xml:56:58-90
	android:name
		ADDED from src\main\AndroidManifest.xml:56:19-57